<?xml version="1.0" encoding="UTF-8"?>
<!-- Generated by org.testng.reporters.JUnitReportReporter -->
<testsuite hostname="DESKTOP-TQN180S" failures="0" tests="3" name="com.TestCase.ExecutionClass" time="68.887" errors="0" timestamp="2025-03-10T18:50:18 IST" skipped="0">
  <testcase classname="com.TestCase.ExecutionClass" name="signupNew" time="17.105"/>
  <testcase classname="com.TestCase.ExecutionClass" name="login" time="17.469"/>
  <testcase classname="com.TestCase.ExecutionClass" name="checkout" time="34.313"/>
</testsuite> <!-- com.TestCase.ExecutionClass -->
