<?xml version="1.0" encoding="UTF-8"?>
<!-- Generated by org.testng.reporters.JUnitReportReporter -->
<testsuite hostname="DESKTOP-TQN180S" failures="0" tests="3" name="com.TestCase.ExecutionClass" time="63.287" errors="0" timestamp="2025-03-10T19:45:12 IST" skipped="0">
  <testcase classname="com.TestCase.ExecutionClass" name="signupNew" time="17.493"/>
  <testcase classname="com.TestCase.ExecutionClass" name="login" time="18.333"/>
  <testcase classname="com.TestCase.ExecutionClass" name="checkout" time="27.461"/>
</testsuite> <!-- com.TestCase.ExecutionClass -->
